--- log file start Wednesday 31st of May 2023 01:19:54 AM ---

** Wed, 31 May 2023 01:19:54 +0000 | 66.162.212.19 | uni-norths.clubland.au/wp-admin/admin-ajax.php \nArray
(
    [action] => sp_sponsors
    [nonce] => ee8d3c4058
    [ajaxurl] => https://uni-norths.clubland.au/wp-admin/admin-ajax.php
    [level] => 0
    [limit] => 2
    [width] => 256
    [height] => 128
    [size] => sportspress-fit-icon
)
\nArray
(
    [action] => sp_sponsors
    [nonce] => ee8d3c4058
    [ajaxurl] => https://uni-norths.clubland.au/wp-admin/admin-ajax.php
    [level] => 0
    [limit] => 2
    [width] => 256
    [height] => 128
    [size] => sportspress-fit-icon
)
\n


** Wed, 31 May 2023 01:20:09 +0000 | 49.195.113.74 | uni-norths.clubland.au/wp-admin/admin-ajax.php \nArray
(
    [action] => sp_sponsors
    [nonce] => ee8d3c4058
    [ajaxurl] => https://uni-norths.clubland.au/wp-admin/admin-ajax.php
    [level] => 0
    [limit] => 2
    [width] => 256
    [height] => 128
    [size] => sportspress-fit-icon
)
\nArray
(
    [action] => sp_sponsors
    [nonce] => ee8d3c4058
    [ajaxurl] => https://uni-norths.clubland.au/wp-admin/admin-ajax.php
    [level] => 0
    [limit] => 2
    [width] => 256
    [height] => 128
    [size] => sportspress-fit-icon
)
\n


** Wed, 31 May 2023 01:20:45 +0000 | 1.145.110.179 | uni-norths.clubland.au/wp-admin/admin-ajax.php \nArray
(
    [action] => sp_sponsors
    [nonce] => ee8d3c4058
    [ajaxurl] => https://uni-norths.clubland.au/wp-admin/admin-ajax.php
    [level] => 0
    [limit] => 2
    [width] => 256
    [height] => 128
    [size] => sportspress-fit-icon
)
\nArray
(
    [action] => sp_sponsors
    [nonce] => ee8d3c4058
    [ajaxurl] => https://uni-norths.clubland.au/wp-admin/admin-ajax.php
    [level] => 0
    [limit] => 2
    [width] => 256
    [height] => 128
    [size] => sportspress-fit-icon
    [wordpress_test_cookie] => WP Cookie check
    [_ga_94LS2XKFDT] => deleted
    [_ga] => GA1.2.1566732512.1684269911
)
\n


** Wed, 31 May 2023 01:20:52 +0000 | 1.129.16.129 | uni-norths.clubland.au/wp-admin/admin-ajax.php \nArray
(
    [action] => sp_sponsors
    [nonce] => ee8d3c4058
    [ajaxurl] => https://uni-norths.clubland.au/wp-admin/admin-ajax.php
    [level] => 0
    [limit] => 2
    [width] => 256
    [height] => 128
    [size] => sportspress-fit-icon
)
\nArray
(
    [action] => sp_sponsors
    [nonce] => ee8d3c4058
    [ajaxurl] => https://uni-norths.clubland.au/wp-admin/admin-ajax.php
    [level] => 0
    [limit] => 2
    [width] => 256
    [height] => 128
    [size] => sportspress-fit-icon
    [_ga] => GA1.1.404215841.1685495541
    [_ga_94LS2XKFDT] => GS1.1.1685495541.1.0.1685495541.0.0.0
    [_gid] => GA1.2.676352374.1685495541
    [wordpress_test_cookie] => WP Cookie check
)
\n


** Wed, 31 May 2023 01:20:53 +0000 | 110.143.223.91 | uni-norths.clubland.au/wp-admin/admin-ajax.php \nArray
(
    [action] => sp_sponsors
    [nonce] => ee8d3c4058
    [ajaxurl] => https://uni-norths.clubland.au/wp-admin/admin-ajax.php
    [level] => 0
    [limit] => 2
    [width] => 256
    [height] => 128
    [size] => sportspress-fit-icon
)
\nArray
(
    [action] => sp_sponsors
    [nonce] => ee8d3c4058
    [ajaxurl] => https://uni-norths.clubland.au/wp-admin/admin-ajax.php
    [level] => 0
    [limit] => 2
    [width] => 256
    [height] => 128
    [size] => sportspress-fit-icon
)
\n


** Wed, 31 May 2023 01:21:07 +0000 | 1.145.110.179 | uni-norths.clubland.au/wp-admin/admin-ajax.php \nArray
(
    [action] => sp_sponsors
    [nonce] => ee8d3c4058
    [ajaxurl] => https://uni-norths.clubland.au/wp-admin/admin-ajax.php
    [level] => 0
    [limit] => 2
    [width] => 256
    [height] => 128
    [size] => sportspress-fit-icon
)
\nArray
(
    [action] => sp_sponsors
    [nonce] => ee8d3c4058
    [ajaxurl] => https://uni-norths.clubland.au/wp-admin/admin-ajax.php
    [level] => 0
    [limit] => 2
    [width] => 256
    [height] => 128
    [size] => sportspress-fit-icon
    [wordpress_test_cookie] => WP Cookie check
    [_ga_94LS2XKFDT] => deleted
    [_gid] => GA1.2.939668243.1685496046
    [_gat_gtag_UA_257239959_1] => 1
    [_ga] => GA1.1.1566732512.1684269911
)
\n


** Wed, 31 May 2023 01:21:07 +0000 | 1.145.110.179 | uni-norths.clubland.au/wp-admin/admin-ajax.php \nArray
(
    [action] => sp_sponsors
    [nonce] => ee8d3c4058
    [ajaxurl] => https://uni-norths.clubland.au/wp-admin/admin-ajax.php
    [level] => 0
    [limit] => 2
    [width] => 256
    [height] => 128
    [size] => sportspress-fit-icon
)
\nArray
(
    [action] => sp_sponsors
    [nonce] => ee8d3c4058
    [ajaxurl] => https://uni-norths.clubland.au/wp-admin/admin-ajax.php
    [level] => 0
    [limit] => 2
    [width] => 256
    [height] => 128
    [size] => sportspress-fit-icon
    [wordpress_test_cookie] => WP Cookie check
    [_ga_94LS2XKFDT] => deleted
    [_gid] => GA1.2.939668243.1685496046
    [_gat_gtag_UA_257239959_1] => 1
    [_ga] => GA1.1.1566732512.1684269911
)
\n


** Wed, 31 May 2023 01:21:22 +0000 | 97.107.198.18 | uni-norths.clubland.au/wp-admin/admin-ajax.php \nArray
(
    [action] => sp_sponsors
    [nonce] => ee8d3c4058
    [ajaxurl] => https://uni-norths.clubland.au/wp-admin/admin-ajax.php
    [level] => 0
    [limit] => 2
    [width] => 256
    [height] => 128
    [size] => sportspress-fit-icon
)
\nArray
(
    [action] => sp_sponsors
    [nonce] => ee8d3c4058
    [ajaxurl] => https://uni-norths.clubland.au/wp-admin/admin-ajax.php
    [level] => 0
    [limit] => 2
    [width] => 256
    [height] => 128
    [size] => sportspress-fit-icon
    [_ga_94LS2XKFDT] => GS1.1.1685496080.1.0.1685496080.0.0.0
    [_ga] => GA1.2.1818107021.1685496080
    [_gid] => GA1.2.1329260689.1685496080
    [_gat_gtag_UA_257239959_1] => 1
)
\n


** Wed, 31 May 2023 01:21:22 +0000 | 203.214.39.116 | uni-norths.clubland.au/wp-admin/admin-ajax.php \nArray
(
    [action] => sp_sponsors
    [nonce] => ee8d3c4058
    [ajaxurl] => https://uni-norths.clubland.au/wp-admin/admin-ajax.php
    [level] => 0
    [limit] => 2
    [width] => 256
    [height] => 128
    [size] => sportspress-fit-icon
)
\nArray
(
    [action] => sp_sponsors
    [nonce] => ee8d3c4058
    [ajaxurl] => https://uni-norths.clubland.au/wp-admin/admin-ajax.php
    [level] => 0
    [limit] => 2
    [width] => 256
    [height] => 128
    [size] => sportspress-fit-icon
)
\n


** Wed, 31 May 2023 01:22:28 +0000 | 1.129.16.129 | uni-norths.clubland.au/wp-admin/admin-ajax.php \nArray
(
    [action] => sp_sponsors
    [nonce] => ee8d3c4058
    [ajaxurl] => https://uni-norths.clubland.au/wp-admin/admin-ajax.php
    [level] => 0
    [limit] => 2
    [width] => 256
    [height] => 128
    [size] => sportspress-fit-icon
)
\nArray
(
    [action] => sp_sponsors
    [nonce] => ee8d3c4058
    [ajaxurl] => https://uni-norths.clubland.au/wp-admin/admin-ajax.php
    [level] => 0
    [limit] => 2
    [width] => 256
    [height] => 128
    [size] => sportspress-fit-icon
    [_ga] => GA1.2.404215841.1685495541
    [_ga_94LS2XKFDT] => GS1.1.1685495541.1.1.1685496147.0.0.0
    [_gat_gtag_UA_257239959_1] => 1
    [_gid] => GA1.2.676352374.1685495541
    [wordpress_test_cookie] => WP Cookie check
)
\n


** Wed, 31 May 2023 01:23:16 +0000 | 1.129.16.129 | uni-norths.clubland.au/wp-admin/admin-ajax.php \nArray
(
    [action] => sp_sponsors
    [nonce] => ee8d3c4058
    [ajaxurl] => https://uni-norths.clubland.au/wp-admin/admin-ajax.php
    [level] => 0
    [limit] => 2
    [width] => 256
    [height] => 128
    [size] => sportspress-fit-icon
)
\nArray
(
    [action] => sp_sponsors
    [nonce] => ee8d3c4058
    [ajaxurl] => https://uni-norths.clubland.au/wp-admin/admin-ajax.php
    [level] => 0
    [limit] => 2
    [width] => 256
    [height] => 128
    [size] => sportspress-fit-icon
    [_ga_94LS2XKFDT] => GS1.1.1685495541.1.1.1685496196.0.0.0
    [_ga] => GA1.2.404215841.1685495541
    [_gat_gtag_UA_257239959_1] => 1
    [_gid] => GA1.2.676352374.1685495541
    [wordpress_test_cookie] => WP Cookie check
)
\n


** Wed, 31 May 2023 01:25:03 +0000 | 103.61.128.230 | uni-norths.clubland.au/wp-admin/admin-ajax.php \nArray
(
    [data] => Array
        (
            [wp-check-locked-posts] => Array
                (
                    [0] => post-17415
                    [1] => post-17012
                    [2] => post-17042
                    [3] => post-17050
                    [4] => post-16373
                    [5] => post-16906
                    [6] => post-16812
                    [7] => post-16795
                    [8] => post-16771
                    [9] => post-15919
                    [10] => post-16562
                    [11] => post-16368
                    [12] => post-16370
                    [13] => post-16371
                    [14] => post-16189
                    [15] => post-15693
                    [16] => post-15647
                    [17] => post-15651
                    [18] => post-14593
                    [19] => post-13625
                )

        )

    [interval] => 120
    [_nonce] => 38ac602b69
    [action] => heartbeat
    [screen_id] => edit-post
    [has_focus] => true
)
\nArray
(
    [data] => Array
        (
            [wp-check-locked-posts] => Array
                (
                    [0] => post-17415
                    [1] => post-17012
                    [2] => post-17042
                    [3] => post-17050
                    [4] => post-16373
                    [5] => post-16906
                    [6] => post-16812
                    [7] => post-16795
                    [8] => post-16771
                    [9] => post-15919
                    [10] => post-16562
                    [11] => post-16368
                    [12] => post-16370
                    [13] => post-16371
                    [14] => post-16189
                    [15] => post-15693
                    [16] => post-15647
                    [17] => post-15651
                    [18] => post-14593
                    [19] => post-13625
                )

        )

    [interval] => 120
    [_nonce] => 38ac602b69
    [action] => heartbeat
    [screen_id] => edit-post
    [has_focus] => true
    [wordpress_sec_3259e78a70b1b474f7731386e78bbb44] => laurenmowen|1685702175|X90xY2aZzf7R4ZjrGodaxFsLPFkck7SsL5beZazE5mE|0af5f023a6ae9596b5abc08f3ca67f3365fd1c54330fe0d977708b490fe75f11
    [tk_ai] => woo:pvzSrmHsJ45V4R8N6N2Ve+NF
    [wordpress_test_cookie] => WP Cookie check
    [__ssid] => 0746678942a381e37de8812e0f82be6
    [__stripe_mid] => c42e0441-7c61-4d25-afba-eaf0a0323a2d57e803
    [wp_lang] => en_AU
    [_ga] => GA1.1.1615593603.1683950344
    [wordpress_logged_in_3259e78a70b1b474f7731386e78bbb44] => laurenmowen|1685702175|X90xY2aZzf7R4ZjrGodaxFsLPFkck7SsL5beZazE5mE|32536169c7e163772571bba6b4a9ed218b443c3331ed8db67f51c2cf05634f3a
    [wpe-auth] => c164a6b586d7dbfe35588ffe90755dafed2f44f89d19c2d11babfaadf75921d3
    [woocommerce_items_in_cart] => 1
    [woocommerce_cart_hash] => 0ef21de98ac5f06e602d97c0ecdb4ede
    [wp-postpass_3259e78a70b1b474f7731386e78bbb44] => $P$BPEwWXu5teSDJxK59zWd93Z/oKYFk7/
    [wp_woocommerce_session_3259e78a70b1b474f7731386e78bbb44] => 1||1685597883||1685594283||65f184c3f0d59260a64f16c2129286ea
    [wp-settings-1] => deleted=undefined&libraryContent=browse&edit_element_vcUIPanelWidth=747&edit_element_vcUIPanelLeft=491px&edit_element_vcUIPanelTop=124px&editor=tinymce&uploader=1&hidetb=1&editor_plain_text_paste_warning=1&align=right
    [wp-settings-time-1] => 1685492715
    [_ga_94LS2XKFDT] => GS1.1.1685491612.38.1.1685493132.0.0.0
    [mp_a36067b00a263cce0299cfd960e26ecf_mixpanel] => {"distinct_id": "$device:1877abfd2f033f-02aea4790759c7-1d525634-13c680-1877abfd2f1b49","$device_id": "1877abfd2f033f-02aea4790759c7-1d525634-13c680-1877abfd2f1b49","$initial_referrer": "$direct","$initial_referring_domain": "$direct","$search_engine": "google"}
)
\n


** Wed, 31 May 2023 01:25:24 +0000 | 103.61.128.230 | uni-norths.clubland.au/wp-admin/admin-ajax.php \nArray
(
    [data] => Array
        (
            [wp-refresh-post-lock] => Array
                (
                    [post_id] => 17416
                    [lock] => 1685495235:1
                )

            [wp-refresh-post-nonces] => Array
                (
                    [post_id] => 17416
                )

        )

    [interval] => 120
    [_nonce] => 38ac602b69
    [action] => heartbeat
    [screen_id] => post
    [has_focus] => true
)
\nArray
(
    [data] => Array
        (
            [wp-refresh-post-lock] => Array
                (
                    [post_id] => 17416
                    [lock] => 1685495235:1
                )

            [wp-refresh-post-nonces] => Array
                (
                    [post_id] => 17416
                )

        )

    [interval] => 120
    [_nonce] => 38ac602b69
    [action] => heartbeat
    [screen_id] => post
    [has_focus] => true
    [wordpress_sec_3259e78a70b1b474f7731386e78bbb44] => laurenmowen|1685702175|X90xY2aZzf7R4ZjrGodaxFsLPFkck7SsL5beZazE5mE|0af5f023a6ae9596b5abc08f3ca67f3365fd1c54330fe0d977708b490fe75f11
    [tk_ai] => woo:pvzSrmHsJ45V4R8N6N2Ve+NF
    [wordpress_test_cookie] => WP Cookie check
    [__ssid] => 0746678942a381e37de8812e0f82be6
    [__stripe_mid] => c42e0441-7c61-4d25-afba-eaf0a0323a2d57e803
    [wp_lang] => en_AU
    [_ga] => GA1.1.1615593603.1683950344
    [wordpress_logged_in_3259e78a70b1b474f7731386e78bbb44] => laurenmowen|1685702175|X90xY2aZzf7R4ZjrGodaxFsLPFkck7SsL5beZazE5mE|32536169c7e163772571bba6b4a9ed218b443c3331ed8db67f51c2cf05634f3a
    [wpe-auth] => c164a6b586d7dbfe35588ffe90755dafed2f44f89d19c2d11babfaadf75921d3
    [woocommerce_items_in_cart] => 1
    [woocommerce_cart_hash] => 0ef21de98ac5f06e602d97c0ecdb4ede
    [wp-postpass_3259e78a70b1b474f7731386e78bbb44] => $P$BPEwWXu5teSDJxK59zWd93Z/oKYFk7/
    [wp_woocommerce_session_3259e78a70b1b474f7731386e78bbb44] => 1||1685597883||1685594283||65f184c3f0d59260a64f16c2129286ea
    [wp-settings-1] => deleted=undefined&libraryContent=browse&edit_element_vcUIPanelWidth=747&edit_element_vcUIPanelLeft=491px&edit_element_vcUIPanelTop=124px&editor=tinymce&uploader=1&hidetb=1&editor_plain_text_paste_warning=1&align=right
    [wp-settings-time-1] => 1685492715
    [_ga_94LS2XKFDT] => GS1.1.1685491612.38.1.1685493132.0.0.0
    [mp_a36067b00a263cce0299cfd960e26ecf_mixpanel] => {"distinct_id": "$device:1877abfd2f033f-02aea4790759c7-1d525634-13c680-1877abfd2f1b49","$device_id": "1877abfd2f033f-02aea4790759c7-1d525634-13c680-1877abfd2f1b49","$initial_referrer": "$direct","$initial_referring_domain": "$direct","$search_engine": "google"}
)
\n


** Wed, 31 May 2023 01:25:26 +0000 | 103.61.128.230 | uni-norths.clubland.au/wp-admin/admin-ajax.php \nArray
(
    [action] => sp_sponsors
    [nonce] => 8247c197b3
    [ajaxurl] => https://uni-norths.clubland.au/wp-admin/admin-ajax.php
    [level] => 0
    [limit] => 2
    [width] => 256
    [height] => 128
    [size] => sportspress-fit-icon
)
\nArray
(
    [action] => sp_sponsors
    [nonce] => 8247c197b3
    [ajaxurl] => https://uni-norths.clubland.au/wp-admin/admin-ajax.php
    [level] => 0
    [limit] => 2
    [width] => 256
    [height] => 128
    [size] => sportspress-fit-icon
    [wordpress_sec_3259e78a70b1b474f7731386e78bbb44] => laurenmowen|1685702175|X90xY2aZzf7R4ZjrGodaxFsLPFkck7SsL5beZazE5mE|0af5f023a6ae9596b5abc08f3ca67f3365fd1c54330fe0d977708b490fe75f11
    [tk_ai] => woo:pvzSrmHsJ45V4R8N6N2Ve+NF
    [wordpress_test_cookie] => WP Cookie check
    [__ssid] => 0746678942a381e37de8812e0f82be6
    [__stripe_mid] => c42e0441-7c61-4d25-afba-eaf0a0323a2d57e803
    [wp_lang] => en_AU
    [_ga] => GA1.1.1615593603.1683950344
    [wordpress_logged_in_3259e78a70b1b474f7731386e78bbb44] => laurenmowen|1685702175|X90xY2aZzf7R4ZjrGodaxFsLPFkck7SsL5beZazE5mE|32536169c7e163772571bba6b4a9ed218b443c3331ed8db67f51c2cf05634f3a
    [wpe-auth] => c164a6b586d7dbfe35588ffe90755dafed2f44f89d19c2d11babfaadf75921d3
    [woocommerce_items_in_cart] => 1
    [woocommerce_cart_hash] => 0ef21de98ac5f06e602d97c0ecdb4ede
    [wp-postpass_3259e78a70b1b474f7731386e78bbb44] => $P$BPEwWXu5teSDJxK59zWd93Z/oKYFk7/
    [wp_woocommerce_session_3259e78a70b1b474f7731386e78bbb44] => 1||1685597883||1685594283||65f184c3f0d59260a64f16c2129286ea
    [wp-settings-1] => deleted=undefined&libraryContent=browse&edit_element_vcUIPanelWidth=747&edit_element_vcUIPanelLeft=491px&edit_element_vcUIPanelTop=124px&editor=tinymce&uploader=1&hidetb=1&editor_plain_text_paste_warning=1&align=right
    [wp-settings-time-1] => 1685492715
    [mp_a36067b00a263cce0299cfd960e26ecf_mixpanel] => {"distinct_id": "$device:1877abfd2f033f-02aea4790759c7-1d525634-13c680-1877abfd2f1b49","$device_id": "1877abfd2f033f-02aea4790759c7-1d525634-13c680-1877abfd2f1b49","$initial_referrer": "$direct","$initial_referring_domain": "$direct","$search_engine": "google"}
    [_ga_94LS2XKFDT] => GS1.1.1685496325.39.0.1685496325.0.0.0
)
\n


** Wed, 31 May 2023 01:25:40 +0000 | 103.61.128.230 | uni-norths.clubland.au/wp-admin/admin-ajax.php \nArray
(
    [action] => wp-remove-post-lock
    [_wpnonce] => 4618920ef2
    [post_ID] => 15684
    [active_post_lock] => 1685493960:1
)
\nArray
(
    [action] => wp-remove-post-lock
    [_wpnonce] => 4618920ef2
    [post_ID] => 15684
    [active_post_lock] => 1685493960:1
    [wordpress_sec_3259e78a70b1b474f7731386e78bbb44] => laurenmowen|1685702175|X90xY2aZzf7R4ZjrGodaxFsLPFkck7SsL5beZazE5mE|0af5f023a6ae9596b5abc08f3ca67f3365fd1c54330fe0d977708b490fe75f11
    [tk_ai] => woo:pvzSrmHsJ45V4R8N6N2Ve+NF
    [wordpress_test_cookie] => WP Cookie check
    [__ssid] => 0746678942a381e37de8812e0f82be6
    [__stripe_mid] => c42e0441-7c61-4d25-afba-eaf0a0323a2d57e803
    [wp_lang] => en_AU
    [_ga] => GA1.1.1615593603.1683950344
    [wordpress_logged_in_3259e78a70b1b474f7731386e78bbb44] => laurenmowen|1685702175|X90xY2aZzf7R4ZjrGodaxFsLPFkck7SsL5beZazE5mE|32536169c7e163772571bba6b4a9ed218b443c3331ed8db67f51c2cf05634f3a
    [wpe-auth] => c164a6b586d7dbfe35588ffe90755dafed2f44f89d19c2d11babfaadf75921d3
    [woocommerce_items_in_cart] => 1
    [woocommerce_cart_hash] => 0ef21de98ac5f06e602d97c0ecdb4ede
    [wp-postpass_3259e78a70b1b474f7731386e78bbb44] => $P$BPEwWXu5teSDJxK59zWd93Z/oKYFk7/
    [wp_woocommerce_session_3259e78a70b1b474f7731386e78bbb44] => 1||1685597883||1685594283||65f184c3f0d59260a64f16c2129286ea
    [wp-settings-1] => deleted=undefined&libraryContent=browse&edit_element_vcUIPanelWidth=747&edit_element_vcUIPanelLeft=491px&edit_element_vcUIPanelTop=124px&editor=tinymce&uploader=1&hidetb=1&editor_plain_text_paste_warning=1&align=right
    [wp-settings-time-1] => 1685492715
    [mp_a36067b00a263cce0299cfd960e26ecf_mixpanel] => {"distinct_id": "$device:1877abfd2f033f-02aea4790759c7-1d525634-13c680-1877abfd2f1b49","$device_id": "1877abfd2f033f-02aea4790759c7-1d525634-13c680-1877abfd2f1b49","$initial_referrer": "$direct","$initial_referring_domain": "$direct","$search_engine": "google"}
    [_ga_94LS2XKFDT] => GS1.1.1685496325.39.0.1685496325.0.0.0
)
\n


** Wed, 31 May 2023 01:25:42 +0000 | 103.61.128.230 | uni-norths.clubland.au/wp-admin/admin-ajax.php \nArray
(
    [action] => wp-remove-post-lock
    [_wpnonce] => 10e8495c88
    [post_ID] => 17416
    [active_post_lock] => 1685496325:1
)
\nArray
(
    [action] => wp-remove-post-lock
    [_wpnonce] => 10e8495c88
    [post_ID] => 17416
    [active_post_lock] => 1685496325:1
    [wordpress_sec_3259e78a70b1b474f7731386e78bbb44] => laurenmowen|1685702175|X90xY2aZzf7R4ZjrGodaxFsLPFkck7SsL5beZazE5mE|0af5f023a6ae9596b5abc08f3ca67f3365fd1c54330fe0d977708b490fe75f11
    [tk_ai] => woo:pvzSrmHsJ45V4R8N6N2Ve+NF
    [wordpress_test_cookie] => WP Cookie check
    [__ssid] => 0746678942a381e37de8812e0f82be6
    [__stripe_mid] => c42e0441-7c61-4d25-afba-eaf0a0323a2d57e803
    [wp_lang] => en_AU
    [_ga] => GA1.1.1615593603.1683950344
    [wordpress_logged_in_3259e78a70b1b474f7731386e78bbb44] => laurenmowen|1685702175|X90xY2aZzf7R4ZjrGodaxFsLPFkck7SsL5beZazE5mE|32536169c7e163772571bba6b4a9ed218b443c3331ed8db67f51c2cf05634f3a
    [wpe-auth] => c164a6b586d7dbfe35588ffe90755dafed2f44f89d19c2d11babfaadf75921d3
    [woocommerce_items_in_cart] => 1
    [woocommerce_cart_hash] => 0ef21de98ac5f06e602d97c0ecdb4ede
    [wp-postpass_3259e78a70b1b474f7731386e78bbb44] => $P$BPEwWXu5teSDJxK59zWd93Z/oKYFk7/
    [wp_woocommerce_session_3259e78a70b1b474f7731386e78bbb44] => 1||1685597883||1685594283||65f184c3f0d59260a64f16c2129286ea
    [wp-settings-1] => deleted=undefined&libraryContent=browse&edit_element_vcUIPanelWidth=747&edit_element_vcUIPanelLeft=491px&edit_element_vcUIPanelTop=124px&editor=tinymce&uploader=1&hidetb=1&editor_plain_text_paste_warning=1&align=right
    [wp-settings-time-1] => 1685492715
    [mp_a36067b00a263cce0299cfd960e26ecf_mixpanel] => {"distinct_id": "$device:1877abfd2f033f-02aea4790759c7-1d525634-13c680-1877abfd2f1b49","$device_id": "1877abfd2f033f-02aea4790759c7-1d525634-13c680-1877abfd2f1b49","$initial_referrer": "$direct","$initial_referring_domain": "$direct","$search_engine": "google"}
    [_ga_94LS2XKFDT] => GS1.1.1685496325.39.0.1685496325.0.0.0
)
\n


** Wed, 31 May 2023 01:25:46 +0000 | 103.61.128.230 | uni-norths.clubland.au/wp-admin/admin-ajax.php \nArray
(
    [action] => sp_sponsors
    [nonce] => 8247c197b3
    [ajaxurl] => https://uni-norths.clubland.au/wp-admin/admin-ajax.php
    [level] => 0
    [limit] => 2
    [width] => 256
    [height] => 128
    [size] => sportspress-fit-icon
)
\nArray
(
    [action] => sp_sponsors
    [nonce] => 8247c197b3
    [ajaxurl] => https://uni-norths.clubland.au/wp-admin/admin-ajax.php
    [level] => 0
    [limit] => 2
    [width] => 256
    [height] => 128
    [size] => sportspress-fit-icon
    [wordpress_sec_3259e78a70b1b474f7731386e78bbb44] => laurenmowen|1685702175|X90xY2aZzf7R4ZjrGodaxFsLPFkck7SsL5beZazE5mE|0af5f023a6ae9596b5abc08f3ca67f3365fd1c54330fe0d977708b490fe75f11
    [tk_ai] => woo:pvzSrmHsJ45V4R8N6N2Ve+NF
    [wordpress_test_cookie] => WP Cookie check
    [__ssid] => 0746678942a381e37de8812e0f82be6
    [__stripe_mid] => c42e0441-7c61-4d25-afba-eaf0a0323a2d57e803
    [wp_lang] => en_AU
    [_ga] => GA1.1.1615593603.1683950344
    [wordpress_logged_in_3259e78a70b1b474f7731386e78bbb44] => laurenmowen|1685702175|X90xY2aZzf7R4ZjrGodaxFsLPFkck7SsL5beZazE5mE|32536169c7e163772571bba6b4a9ed218b443c3331ed8db67f51c2cf05634f3a
    [wpe-auth] => c164a6b586d7dbfe35588ffe90755dafed2f44f89d19c2d11babfaadf75921d3
    [woocommerce_items_in_cart] => 1
    [woocommerce_cart_hash] => 0ef21de98ac5f06e602d97c0ecdb4ede
    [wp-postpass_3259e78a70b1b474f7731386e78bbb44] => $P$BPEwWXu5teSDJxK59zWd93Z/oKYFk7/
    [wp_woocommerce_session_3259e78a70b1b474f7731386e78bbb44] => 1||1685597883||1685594283||65f184c3f0d59260a64f16c2129286ea
    [wp-settings-1] => deleted=undefined&libraryContent=browse&edit_element_vcUIPanelWidth=747&edit_element_vcUIPanelLeft=491px&edit_element_vcUIPanelTop=124px&editor=tinymce&uploader=1&hidetb=1&editor_plain_text_paste_warning=1&align=right
    [wp-settings-time-1] => 1685492715
    [mp_a36067b00a263cce0299cfd960e26ecf_mixpanel] => {"distinct_id": "$device:1877abfd2f033f-02aea4790759c7-1d525634-13c680-1877abfd2f1b49","$device_id": "1877abfd2f033f-02aea4790759c7-1d525634-13c680-1877abfd2f1b49","$initial_referrer": "$direct","$initial_referring_domain": "$direct","$search_engine": "google"}
    [_ga_94LS2XKFDT] => GS1.1.1685496325.39.0.1685496325.0.0.0
)
\n


** Wed, 31 May 2023 01:25:55 +0000 | 103.61.128.230 | uni-norths.clubland.au/wp-admin/admin-ajax.php \nArray
(
    [data] => Array
        (
            [wp-refresh-post-lock] => Array
                (
                    [post_id] => 764
                    [lock] => 1685493742:1
                )

            [wp-refresh-post-nonces] => Array
                (
                    [post_id] => 764
                )

        )

    [interval] => 120
    [_nonce] => 38ac602b69
    [action] => heartbeat
    [screen_id] => page
    [has_focus] => true
)
\nArray
(
    [data] => Array
        (
            [wp-refresh-post-lock] => Array
                (
                    [post_id] => 764
                    [lock] => 1685493742:1
                )

            [wp-refresh-post-nonces] => Array
                (
                    [post_id] => 764
                )

        )

    [interval] => 120
    [_nonce] => 38ac602b69
    [action] => heartbeat
    [screen_id] => page
    [has_focus] => true
    [wordpress_sec_3259e78a70b1b474f7731386e78bbb44] => laurenmowen|1685702175|X90xY2aZzf7R4ZjrGodaxFsLPFkck7SsL5beZazE5mE|0af5f023a6ae9596b5abc08f3ca67f3365fd1c54330fe0d977708b490fe75f11
    [tk_ai] => woo:pvzSrmHsJ45V4R8N6N2Ve+NF
    [wordpress_test_cookie] => WP Cookie check
    [__ssid] => 0746678942a381e37de8812e0f82be6
    [__stripe_mid] => c42e0441-7c61-4d25-afba-eaf0a0323a2d57e803
    [wp_lang] => en_AU
    [_ga] => GA1.1.1615593603.1683950344
    [wordpress_logged_in_3259e78a70b1b474f7731386e78bbb44] => laurenmowen|1685702175|X90xY2aZzf7R4ZjrGodaxFsLPFkck7SsL5beZazE5mE|32536169c7e163772571bba6b4a9ed218b443c3331ed8db67f51c2cf05634f3a
    [wpe-auth] => c164a6b586d7dbfe35588ffe90755dafed2f44f89d19c2d11babfaadf75921d3
    [woocommerce_items_in_cart] => 1
    [woocommerce_cart_hash] => 0ef21de98ac5f06e602d97c0ecdb4ede
    [wp-postpass_3259e78a70b1b474f7731386e78bbb44] => $P$BPEwWXu5teSDJxK59zWd93Z/oKYFk7/
    [wp_woocommerce_session_3259e78a70b1b474f7731386e78bbb44] => 1||1685597883||1685594283||65f184c3f0d59260a64f16c2129286ea
    [wp-settings-1] => deleted=undefined&libraryContent=browse&edit_element_vcUIPanelWidth=747&edit_element_vcUIPanelLeft=491px&edit_element_vcUIPanelTop=124px&editor=tinymce&uploader=1&hidetb=1&editor_plain_text_paste_warning=1&align=right
    [wp-settings-time-1] => 1685492715
    [mp_a36067b00a263cce0299cfd960e26ecf_mixpanel] => {"distinct_id": "$device:1877abfd2f033f-02aea4790759c7-1d525634-13c680-1877abfd2f1b49","$device_id": "1877abfd2f033f-02aea4790759c7-1d525634-13c680-1877abfd2f1b49","$initial_referrer": "$direct","$initial_referring_domain": "$direct","$search_engine": "google"}
    [_ga_94LS2XKFDT] => GS1.1.1685496325.39.0.1685496325.0.0.0
)
\n


** Wed, 31 May 2023 01:26:11 +0000 | 110.141.167.69 | uni-norths.clubland.au/wp-admin/admin-ajax.php \nArray
(
    [action] => sp_sponsors
    [nonce] => ee8d3c4058
    [ajaxurl] => https://uni-norths.clubland.au/wp-admin/admin-ajax.php
    [level] => 0
    [limit] => 2
    [width] => 256
    [height] => 128
    [size] => sportspress-fit-icon
)
\nArray
(
    [action] => sp_sponsors
    [nonce] => ee8d3c4058
    [ajaxurl] => https://uni-norths.clubland.au/wp-admin/admin-ajax.php
    [level] => 0
    [limit] => 2
    [width] => 256
    [height] => 128
    [size] => sportspress-fit-icon
)
\n


** Wed, 31 May 2023 01:26:23 +0000 | 58.109.125.38 | uni-norths.clubland.au/wp-admin/admin-ajax.php \nArray
(
    [action] => sp_sponsors
    [nonce] => ee8d3c4058
    [ajaxurl] => https://uni-norths.clubland.au/wp-admin/admin-ajax.php
    [level] => 0
    [limit] => 2
    [width] => 256
    [height] => 128
    [size] => sportspress-fit-icon
)
\nArray
(
    [action] => sp_sponsors
    [nonce] => ee8d3c4058
    [ajaxurl] => https://uni-norths.clubland.au/wp-admin/admin-ajax.php
    [level] => 0
    [limit] => 2
    [width] => 256
    [height] => 128
    [size] => sportspress-fit-icon
    [_ga] => GA1.2.1984733295.1685496383
    [_ga_94LS2XKFDT] => GS1.1.1685496383.1.0.1685496383.0.0.0
    [_gat_gtag_UA_257239959_1] => 1
    [_gid] => GA1.2.1115675885.1685496383
)
\n


** Wed, 31 May 2023 01:26:39 +0000 | 58.109.125.38 | uni-norths.clubland.au/wp-admin/admin-ajax.php \nArray
(
    [action] => sp_sponsors
    [nonce] => ee8d3c4058
    [ajaxurl] => https://uni-norths.clubland.au/wp-admin/admin-ajax.php
    [level] => 0
    [limit] => 2
    [width] => 256
    [height] => 128
    [size] => sportspress-fit-icon
)
\nArray
(
    [action] => sp_sponsors
    [nonce] => ee8d3c4058
    [ajaxurl] => https://uni-norths.clubland.au/wp-admin/admin-ajax.php
    [level] => 0
    [limit] => 2
    [width] => 256
    [height] => 128
    [size] => sportspress-fit-icon
    [_ga_94LS2XKFDT] => GS1.1.1685496383.1.0.1685496397.0.0.0
    [_ga] => GA1.2.1984733295.1685496383
    [_gat_gtag_UA_257239959_1] => 1
    [_gid] => GA1.2.1115675885.1685496383
)
\n


** Wed, 31 May 2023 01:27:11 +0000 | 58.109.125.38 | uni-norths.clubland.au/wp-admin/admin-ajax.php \nArray
(
    [action] => sp_sponsors
    [nonce] => ee8d3c4058
    [ajaxurl] => https://uni-norths.clubland.au/wp-admin/admin-ajax.php
    [level] => 0
    [limit] => 2
    [width] => 256
    [height] => 128
    [size] => sportspress-fit-icon
)
\nArray
(
    [action] => sp_sponsors
    [nonce] => ee8d3c4058
    [ajaxurl] => https://uni-norths.clubland.au/wp-admin/admin-ajax.php
    [level] => 0
    [limit] => 2
    [width] => 256
    [height] => 128
    [size] => sportspress-fit-icon
    [_ga] => GA1.2.1984733295.1685496383
    [_ga_94LS2XKFDT] => GS1.1.1685496383.1.1.1685496431.0.0.0
    [_gid] => GA1.2.1115675885.1685496383
    [_gat_gtag_UA_257239959_1] => 1
)
\n


** Wed, 31 May 2023 01:27:56 +0000 | 103.61.128.230 | uni-norths.clubland.au/wp-admin/admin-ajax.php \nArray
(
    [data] => Array
        (
            [wp-refresh-post-lock] => Array
                (
                    [post_id] => 764
                    [lock] => 1685496356:1
                )

            [wp-refresh-post-nonces] => Array
                (
                    [post_id] => 764
                )

        )

    [interval] => 120
    [_nonce] => 38ac602b69
    [action] => heartbeat
    [screen_id] => page
    [has_focus] => false
)
\nArray
(
    [data] => Array
        (
            [wp-refresh-post-lock] => Array
                (
                    [post_id] => 764
                    [lock] => 1685496356:1
                )

            [wp-refresh-post-nonces] => Array
                (
                    [post_id] => 764
                )

        )

    [interval] => 120
    [_nonce] => 38ac602b69
    [action] => heartbeat
    [screen_id] => page
    [has_focus] => false
    [wordpress_sec_3259e78a70b1b474f7731386e78bbb44] => laurenmowen|1685702175|X90xY2aZzf7R4ZjrGodaxFsLPFkck7SsL5beZazE5mE|0af5f023a6ae9596b5abc08f3ca67f3365fd1c54330fe0d977708b490fe75f11
    [tk_ai] => woo:pvzSrmHsJ45V4R8N6N2Ve+NF
    [wordpress_test_cookie] => WP Cookie check
    [__ssid] => 0746678942a381e37de8812e0f82be6
    [__stripe_mid] => c42e0441-7c61-4d25-afba-eaf0a0323a2d57e803
    [wp_lang] => en_AU
    [_ga] => GA1.1.1615593603.1683950344
    [wordpress_logged_in_3259e78a70b1b474f7731386e78bbb44] => laurenmowen|1685702175|X90xY2aZzf7R4ZjrGodaxFsLPFkck7SsL5beZazE5mE|32536169c7e163772571bba6b4a9ed218b443c3331ed8db67f51c2cf05634f3a
    [wpe-auth] => c164a6b586d7dbfe35588ffe90755dafed2f44f89d19c2d11babfaadf75921d3
    [woocommerce_items_in_cart] => 1
    [woocommerce_cart_hash] => 0ef21de98ac5f06e602d97c0ecdb4ede
    [wp-postpass_3259e78a70b1b474f7731386e78bbb44] => $P$BPEwWXu5teSDJxK59zWd93Z/oKYFk7/
    [wp_woocommerce_session_3259e78a70b1b474f7731386e78bbb44] => 1||1685597883||1685594283||65f184c3f0d59260a64f16c2129286ea
    [wp-settings-1] => deleted=undefined&libraryContent=browse&edit_element_vcUIPanelWidth=747&edit_element_vcUIPanelLeft=491px&edit_element_vcUIPanelTop=124px&editor=tinymce&uploader=1&hidetb=1&editor_plain_text_paste_warning=1&align=right
    [wp-settings-time-1] => 1685492715
    [mp_a36067b00a263cce0299cfd960e26ecf_mixpanel] => {"distinct_id": "$device:1877abfd2f033f-02aea4790759c7-1d525634-13c680-1877abfd2f1b49","$device_id": "1877abfd2f033f-02aea4790759c7-1d525634-13c680-1877abfd2f1b49","$initial_referrer": "$direct","$initial_referring_domain": "$direct","$search_engine": "google"}
    [_ga_94LS2XKFDT] => GS1.1.1685496325.39.0.1685496325.0.0.0
)
\n


** Wed, 31 May 2023 01:29:05 +0000 | 103.61.128.230 | uni-norths.clubland.au/wp-admin/admin-ajax.php \nArray
(
    [action] => wp-remove-post-lock
    [_wpnonce] => 1ba70720b0
    [post_ID] => 764
    [active_post_lock] => 1685496479:1
)
\nArray
(
    [action] => wp-remove-post-lock
    [_wpnonce] => 1ba70720b0
    [post_ID] => 764
    [active_post_lock] => 1685496479:1
    [wordpress_sec_3259e78a70b1b474f7731386e78bbb44] => laurenmowen|1685702175|X90xY2aZzf7R4ZjrGodaxFsLPFkck7SsL5beZazE5mE|0af5f023a6ae9596b5abc08f3ca67f3365fd1c54330fe0d977708b490fe75f11
    [tk_ai] => woo:pvzSrmHsJ45V4R8N6N2Ve+NF
    [wordpress_test_cookie] => WP Cookie check
    [__ssid] => 0746678942a381e37de8812e0f82be6
    [__stripe_mid] => c42e0441-7c61-4d25-afba-eaf0a0323a2d57e803
    [wp_lang] => en_AU
    [_ga] => GA1.1.1615593603.1683950344
    [wordpress_logged_in_3259e78a70b1b474f7731386e78bbb44] => laurenmowen|1685702175|X90xY2aZzf7R4ZjrGodaxFsLPFkck7SsL5beZazE5mE|32536169c7e163772571bba6b4a9ed218b443c3331ed8db67f51c2cf05634f3a
    [wpe-auth] => c164a6b586d7dbfe35588ffe90755dafed2f44f89d19c2d11babfaadf75921d3
    [woocommerce_items_in_cart] => 1
    [woocommerce_cart_hash] => 0ef21de98ac5f06e602d97c0ecdb4ede
    [wp-postpass_3259e78a70b1b474f7731386e78bbb44] => $P$BPEwWXu5teSDJxK59zWd93Z/oKYFk7/
    [wp_woocommerce_session_3259e78a70b1b474f7731386e78bbb44] => 1||1685597883||1685594283||65f184c3f0d59260a64f16c2129286ea
    [wp-settings-1] => deleted=undefined&libraryContent=browse&edit_element_vcUIPanelWidth=747&edit_element_vcUIPanelLeft=491px&edit_element_vcUIPanelTop=124px&editor=tinymce&uploader=1&hidetb=1&editor_plain_text_paste_warning=1&align=right
    [wp-settings-time-1] => 1685492715
    [mp_a36067b00a263cce0299cfd960e26ecf_mixpanel] => {"distinct_id": "$device:1877abfd2f033f-02aea4790759c7-1d525634-13c680-1877abfd2f1b49","$device_id": "1877abfd2f033f-02aea4790759c7-1d525634-13c680-1877abfd2f1b49","$initial_referrer": "$direct","$initial_referring_domain": "$direct","$search_engine": "google"}
    [_ga_94LS2XKFDT] => GS1.1.1685496325.39.0.1685496325.0.0.0
)
\n


** Wed, 31 May 2023 01:31:40 +0000 | 207.136.13.211 | uni-norths.clubland.au/wp-admin/admin-ajax.php \nArray
(
    [action] => sp_sponsors
    [nonce] => ee8d3c4058
    [ajaxurl] => https://uni-norths.clubland.au/wp-admin/admin-ajax.php
    [level] => 0
    [limit] => 2
    [width] => 256
    [height] => 128
    [size] => sportspress-fit-icon
)
\nArray
(
    [action] => sp_sponsors
    [nonce] => ee8d3c4058
    [ajaxurl] => https://uni-norths.clubland.au/wp-admin/admin-ajax.php
    [level] => 0
    [limit] => 2
    [width] => 256
    [height] => 128
    [size] => sportspress-fit-icon
)
\n


** Wed, 31 May 2023 01:33:22 +0000 | 103.61.128.230 | uni-norths.clubland.au/wp-admin/admin-ajax.php \nArray
(
    [data] => Array
        (
            [wp-check-locked-posts] => Array
                (
                    [0] => post-4385
                    [1] => post-4384
                    [2] => post-4383
                    [3] => post-4382
                    [4] => post-4381
                    [5] => post-4371
                )

        )

    [interval] => 120
    [_nonce] => 38ac602b69
    [action] => heartbeat
    [screen_id] => edit-sp_sponsor
    [has_focus] => true
)
\nArray
(
    [data] => Array
        (
            [wp-check-locked-posts] => Array
                (
                    [0] => post-4385
                    [1] => post-4384
                    [2] => post-4383
                    [3] => post-4382
                    [4] => post-4381
                    [5] => post-4371
                )

        )

    [interval] => 120
    [_nonce] => 38ac602b69
    [action] => heartbeat
    [screen_id] => edit-sp_sponsor
    [has_focus] => true
    [wordpress_sec_3259e78a70b1b474f7731386e78bbb44] => laurenmowen|1685702175|X90xY2aZzf7R4ZjrGodaxFsLPFkck7SsL5beZazE5mE|0af5f023a6ae9596b5abc08f3ca67f3365fd1c54330fe0d977708b490fe75f11
    [tk_ai] => woo:pvzSrmHsJ45V4R8N6N2Ve+NF
    [wordpress_test_cookie] => WP Cookie check
    [__ssid] => 0746678942a381e37de8812e0f82be6
    [__stripe_mid] => c42e0441-7c61-4d25-afba-eaf0a0323a2d57e803
    [wp_lang] => en_AU
    [_ga] => GA1.1.1615593603.1683950344
    [wordpress_logged_in_3259e78a70b1b474f7731386e78bbb44] => laurenmowen|1685702175|X90xY2aZzf7R4ZjrGodaxFsLPFkck7SsL5beZazE5mE|32536169c7e163772571bba6b4a9ed218b443c3331ed8db67f51c2cf05634f3a
    [wpe-auth] => c164a6b586d7dbfe35588ffe90755dafed2f44f89d19c2d11babfaadf75921d3
    [woocommerce_items_in_cart] => 1
    [woocommerce_cart_hash] => 0ef21de98ac5f06e602d97c0ecdb4ede
    [wp-postpass_3259e78a70b1b474f7731386e78bbb44] => $P$BPEwWXu5teSDJxK59zWd93Z/oKYFk7/
    [wp_woocommerce_session_3259e78a70b1b474f7731386e78bbb44] => 1||1685597883||1685594283||65f184c3f0d59260a64f16c2129286ea
    [wp-settings-1] => deleted=undefined&libraryContent=browse&edit_element_vcUIPanelWidth=747&edit_element_vcUIPanelLeft=491px&edit_element_vcUIPanelTop=124px&editor=tinymce&uploader=1&hidetb=1&editor_plain_text_paste_warning=1&align=right
    [wp-settings-time-1] => 1685492715
    [mp_a36067b00a263cce0299cfd960e26ecf_mixpanel] => {"distinct_id": "$device:1877abfd2f033f-02aea4790759c7-1d525634-13c680-1877abfd2f1b49","$device_id": "1877abfd2f033f-02aea4790759c7-1d525634-13c680-1877abfd2f1b49","$initial_referrer": "$direct","$initial_referring_domain": "$direct","$search_engine": "google"}
    [_ga_94LS2XKFDT] => GS1.1.1685496325.39.0.1685496325.0.0.0
)
\n


** Wed, 31 May 2023 01:35:28 +0000 | 103.61.128.230 | uni-norths.clubland.au/wp-admin/admin-ajax.php \nArray
(
    [action] => sp_sponsors
    [nonce] => 8247c197b3
    [ajaxurl] => https://uni-norths.clubland.au/wp-admin/admin-ajax.php
    [level] => 0
    [limit] => 2
    [width] => 256
    [height] => 128
    [size] => sportspress-fit-icon
)
\nArray
(
    [action] => sp_sponsors
    [nonce] => 8247c197b3
    [ajaxurl] => https://uni-norths.clubland.au/wp-admin/admin-ajax.php
    [level] => 0
    [limit] => 2
    [width] => 256
    [height] => 128
    [size] => sportspress-fit-icon
    [wordpress_sec_3259e78a70b1b474f7731386e78bbb44] => laurenmowen|1685702175|X90xY2aZzf7R4ZjrGodaxFsLPFkck7SsL5beZazE5mE|0af5f023a6ae9596b5abc08f3ca67f3365fd1c54330fe0d977708b490fe75f11
    [tk_ai] => woo:pvzSrmHsJ45V4R8N6N2Ve+NF
    [wordpress_test_cookie] => WP Cookie check
    [__ssid] => 0746678942a381e37de8812e0f82be6
    [__stripe_mid] => c42e0441-7c61-4d25-afba-eaf0a0323a2d57e803
    [wp_lang] => en_AU
    [_ga] => GA1.1.1615593603.1683950344
    [wordpress_logged_in_3259e78a70b1b474f7731386e78bbb44] => laurenmowen|1685702175|X90xY2aZzf7R4ZjrGodaxFsLPFkck7SsL5beZazE5mE|32536169c7e163772571bba6b4a9ed218b443c3331ed8db67f51c2cf05634f3a
    [wpe-auth] => c164a6b586d7dbfe35588ffe90755dafed2f44f89d19c2d11babfaadf75921d3
    [woocommerce_items_in_cart] => 1
    [woocommerce_cart_hash] => 0ef21de98ac5f06e602d97c0ecdb4ede
    [wp-postpass_3259e78a70b1b474f7731386e78bbb44] => $P$BPEwWXu5teSDJxK59zWd93Z/oKYFk7/
    [wp_woocommerce_session_3259e78a70b1b474f7731386e78bbb44] => 1||1685597883||1685594283||65f184c3f0d59260a64f16c2129286ea
    [wp-settings-1] => deleted=undefined&libraryContent=browse&edit_element_vcUIPanelWidth=747&edit_element_vcUIPanelLeft=491px&edit_element_vcUIPanelTop=124px&editor=tinymce&uploader=1&hidetb=1&editor_plain_text_paste_warning=1&align=right
    [wp-settings-time-1] => 1685492715
    [mp_a36067b00a263cce0299cfd960e26ecf_mixpanel] => {"distinct_id": "$device:1877abfd2f033f-02aea4790759c7-1d525634-13c680-1877abfd2f1b49","$device_id": "1877abfd2f033f-02aea4790759c7-1d525634-13c680-1877abfd2f1b49","$initial_referrer": "$direct","$initial_referring_domain": "$direct","$search_engine": "google"}
    [_ga_94LS2XKFDT] => GS1.1.1685496325.39.0.1685496325.0.0.0
)
\n


** Wed, 31 May 2023 01:37:00 +0000 | 103.61.128.230 | uni-norths.clubland.au/wp-admin/admin-ajax.php \nArray
(
    [interval] => 120
    [_nonce] => 38ac602b69
    [action] => heartbeat
    [screen_id] => toplevel_page_sportspress
    [has_focus] => false
)
\nArray
(
    [interval] => 120
    [_nonce] => 38ac602b69
    [action] => heartbeat
    [screen_id] => toplevel_page_sportspress
    [has_focus] => false
    [wordpress_sec_3259e78a70b1b474f7731386e78bbb44] => laurenmowen|1685702175|X90xY2aZzf7R4ZjrGodaxFsLPFkck7SsL5beZazE5mE|0af5f023a6ae9596b5abc08f3ca67f3365fd1c54330fe0d977708b490fe75f11
    [tk_ai] => woo:pvzSrmHsJ45V4R8N6N2Ve+NF
    [wordpress_test_cookie] => WP Cookie check
    [__ssid] => 0746678942a381e37de8812e0f82be6
    [__stripe_mid] => c42e0441-7c61-4d25-afba-eaf0a0323a2d57e803
    [wp_lang] => en_AU
    [_ga] => GA1.1.1615593603.1683950344
    [wordpress_logged_in_3259e78a70b1b474f7731386e78bbb44] => laurenmowen|1685702175|X90xY2aZzf7R4ZjrGodaxFsLPFkck7SsL5beZazE5mE|32536169c7e163772571bba6b4a9ed218b443c3331ed8db67f51c2cf05634f3a
    [wpe-auth] => c164a6b586d7dbfe35588ffe90755dafed2f44f89d19c2d11babfaadf75921d3
    [woocommerce_items_in_cart] => 1
    [woocommerce_cart_hash] => 0ef21de98ac5f06e602d97c0ecdb4ede
    [wp-postpass_3259e78a70b1b474f7731386e78bbb44] => $P$BPEwWXu5teSDJxK59zWd93Z/oKYFk7/
    [wp_woocommerce_session_3259e78a70b1b474f7731386e78bbb44] => 1||1685597883||1685594283||65f184c3f0d59260a64f16c2129286ea
    [wp-settings-1] => deleted=undefined&libraryContent=browse&edit_element_vcUIPanelWidth=747&edit_element_vcUIPanelLeft=491px&edit_element_vcUIPanelTop=124px&editor=tinymce&uploader=1&hidetb=1&editor_plain_text_paste_warning=1&align=right
    [wp-settings-time-1] => 1685492715
    [mp_a36067b00a263cce0299cfd960e26ecf_mixpanel] => {"distinct_id": "$device:1877abfd2f033f-02aea4790759c7-1d525634-13c680-1877abfd2f1b49","$device_id": "1877abfd2f033f-02aea4790759c7-1d525634-13c680-1877abfd2f1b49","$initial_referrer": "$direct","$initial_referring_domain": "$direct","$search_engine": "google"}
    [_ga_94LS2XKFDT] => GS1.1.1685496325.39.0.1685496325.0.0.0
)
\n


** Wed, 31 May 2023 01:40:37 +0000 | 103.61.128.230 | uni-norths.clubland.au/wp-admin/admin-ajax.php \nArray
(
    [interval] => 120
    [_nonce] => 38ac602b69
    [action] => heartbeat
    [screen_id] => toplevel_page_sportspress
    [has_focus] => false
)
\nArray
(
    [interval] => 120
    [_nonce] => 38ac602b69
    [action] => heartbeat
    [screen_id] => toplevel_page_sportspress
    [has_focus] => false
    [wordpress_sec_3259e78a70b1b474f7731386e78bbb44] => laurenmowen|1685702175|X90xY2aZzf7R4ZjrGodaxFsLPFkck7SsL5beZazE5mE|0af5f023a6ae9596b5abc08f3ca67f3365fd1c54330fe0d977708b490fe75f11
    [tk_ai] => woo:pvzSrmHsJ45V4R8N6N2Ve+NF
    [wordpress_test_cookie] => WP Cookie check
    [__ssid] => 0746678942a381e37de8812e0f82be6
    [__stripe_mid] => c42e0441-7c61-4d25-afba-eaf0a0323a2d57e803
    [wp_lang] => en_AU
    [_ga] => GA1.1.1615593603.1683950344
    [wordpress_logged_in_3259e78a70b1b474f7731386e78bbb44] => laurenmowen|1685702175|X90xY2aZzf7R4ZjrGodaxFsLPFkck7SsL5beZazE5mE|32536169c7e163772571bba6b4a9ed218b443c3331ed8db67f51c2cf05634f3a
    [wpe-auth] => c164a6b586d7dbfe35588ffe90755dafed2f44f89d19c2d11babfaadf75921d3
    [woocommerce_items_in_cart] => 1
    [woocommerce_cart_hash] => 0ef21de98ac5f06e602d97c0ecdb4ede
    [wp-postpass_3259e78a70b1b474f7731386e78bbb44] => $P$BPEwWXu5teSDJxK59zWd93Z/oKYFk7/
    [wp_woocommerce_session_3259e78a70b1b474f7731386e78bbb44] => 1||1685597883||1685594283||65f184c3f0d59260a64f16c2129286ea
    [wp-settings-1] => deleted=undefined&libraryContent=browse&edit_element_vcUIPanelWidth=747&edit_element_vcUIPanelLeft=491px&edit_element_vcUIPanelTop=124px&editor=tinymce&uploader=1&hidetb=1&editor_plain_text_paste_warning=1&align=right
    [wp-settings-time-1] => 1685492715
    [mp_a36067b00a263cce0299cfd960e26ecf_mixpanel] => {"distinct_id": "$device:1877abfd2f033f-02aea4790759c7-1d525634-13c680-1877abfd2f1b49","$device_id": "1877abfd2f033f-02aea4790759c7-1d525634-13c680-1877abfd2f1b49","$initial_referrer": "$direct","$initial_referring_domain": "$direct","$search_engine": "google"}
    [_ga_94LS2XKFDT] => GS1.1.1685496325.39.1.1685497181.0.0.0
)
\n


** Wed, 31 May 2023 01:42:38 +0000 | 103.61.128.230 | uni-norths.clubland.au/wp-admin/admin-ajax.php \nArray
(
    [interval] => 120
    [_nonce] => 38ac602b69
    [action] => heartbeat
    [screen_id] => toplevel_page_sportspress
    [has_focus] => false
)
\nArray
(
    [interval] => 120
    [_nonce] => 38ac602b69
    [action] => heartbeat
    [screen_id] => toplevel_page_sportspress
    [has_focus] => false
    [wordpress_sec_3259e78a70b1b474f7731386e78bbb44] => laurenmowen|1685702175|X90xY2aZzf7R4ZjrGodaxFsLPFkck7SsL5beZazE5mE|0af5f023a6ae9596b5abc08f3ca67f3365fd1c54330fe0d977708b490fe75f11
    [tk_ai] => woo:pvzSrmHsJ45V4R8N6N2Ve+NF
    [wordpress_test_cookie] => WP Cookie check
    [__ssid] => 0746678942a381e37de8812e0f82be6
    [__stripe_mid] => c42e0441-7c61-4d25-afba-eaf0a0323a2d57e803
    [wp_lang] => en_AU
    [_ga] => GA1.1.1615593603.1683950344
    [wordpress_logged_in_3259e78a70b1b474f7731386e78bbb44] => laurenmowen|1685702175|X90xY2aZzf7R4ZjrGodaxFsLPFkck7SsL5beZazE5mE|32536169c7e163772571bba6b4a9ed218b443c3331ed8db67f51c2cf05634f3a
    [wpe-auth] => c164a6b586d7dbfe35588ffe90755dafed2f44f89d19c2d11babfaadf75921d3
    [woocommerce_items_in_cart] => 1
    [woocommerce_cart_hash] => 0ef21de98ac5f06e602d97c0ecdb4ede
    [wp-postpass_3259e78a70b1b474f7731386e78bbb44] => $P$BPEwWXu5teSDJxK59zWd93Z/oKYFk7/
    [wp_woocommerce_session_3259e78a70b1b474f7731386e78bbb44] => 1||1685597883||1685594283||65f184c3f0d59260a64f16c2129286ea
    [wp-settings-1] => deleted=undefined&libraryContent=browse&edit_element_vcUIPanelWidth=747&edit_element_vcUIPanelLeft=491px&edit_element_vcUIPanelTop=124px&editor=tinymce&uploader=1&hidetb=1&editor_plain_text_paste_warning=1&align=right
    [wp-settings-time-1] => 1685492715
    [mp_a36067b00a263cce0299cfd960e26ecf_mixpanel] => {"distinct_id": "$device:1877abfd2f033f-02aea4790759c7-1d525634-13c680-1877abfd2f1b49","$device_id": "1877abfd2f033f-02aea4790759c7-1d525634-13c680-1877abfd2f1b49","$initial_referrer": "$direct","$initial_referring_domain": "$direct","$search_engine": "google"}
    [_ga_94LS2XKFDT] => GS1.1.1685496325.39.1.1685497181.0.0.0
)
\n


** Wed, 31 May 2023 01:44:39 +0000 | 103.61.128.230 | uni-norths.clubland.au/wp-admin/admin-ajax.php \nArray
(
    [interval] => 120
    [_nonce] => 38ac602b69
    [action] => heartbeat
    [screen_id] => toplevel_page_sportspress
    [has_focus] => false
)
\nArray
(
    [interval] => 120
    [_nonce] => 38ac602b69
    [action] => heartbeat
    [screen_id] => toplevel_page_sportspress
    [has_focus] => false
    [wordpress_sec_3259e78a70b1b474f7731386e78bbb44] => laurenmowen|1685702175|X90xY2aZzf7R4ZjrGodaxFsLPFkck7SsL5beZazE5mE|0af5f023a6ae9596b5abc08f3ca67f3365fd1c54330fe0d977708b490fe75f11
    [tk_ai] => woo:pvzSrmHsJ45V4R8N6N2Ve+NF
    [wordpress_test_cookie] => WP Cookie check
    [__ssid] => 0746678942a381e37de8812e0f82be6
    [__stripe_mid] => c42e0441-7c61-4d25-afba-eaf0a0323a2d57e803
    [wp_lang] => en_AU
    [_ga] => GA1.1.1615593603.1683950344
    [wordpress_logged_in_3259e78a70b1b474f7731386e78bbb44] => laurenmowen|1685702175|X90xY2aZzf7R4ZjrGodaxFsLPFkck7SsL5beZazE5mE|32536169c7e163772571bba6b4a9ed218b443c3331ed8db67f51c2cf05634f3a
    [wpe-auth] => c164a6b586d7dbfe35588ffe90755dafed2f44f89d19c2d11babfaadf75921d3
    [woocommerce_items_in_cart] => 1
    [woocommerce_cart_hash] => 0ef21de98ac5f06e602d97c0ecdb4ede
    [wp-postpass_3259e78a70b1b474f7731386e78bbb44] => $P$BPEwWXu5teSDJxK59zWd93Z/oKYFk7/
    [wp_woocommerce_session_3259e78a70b1b474f7731386e78bbb44] => 1||1685597883||1685594283||65f184c3f0d59260a64f16c2129286ea
    [wp-settings-1] => deleted=undefined&libraryContent=browse&edit_element_vcUIPanelWidth=747&edit_element_vcUIPanelLeft=491px&edit_element_vcUIPanelTop=124px&editor=tinymce&uploader=1&hidetb=1&editor_plain_text_paste_warning=1&align=right
    [wp-settings-time-1] => 1685492715
    [mp_a36067b00a263cce0299cfd960e26ecf_mixpanel] => {"distinct_id": "$device:1877abfd2f033f-02aea4790759c7-1d525634-13c680-1877abfd2f1b49","$device_id": "1877abfd2f033f-02aea4790759c7-1d525634-13c680-1877abfd2f1b49","$initial_referrer": "$direct","$initial_referring_domain": "$direct","$search_engine": "google"}
    [_ga_94LS2XKFDT] => GS1.1.1685496325.39.1.1685497181.0.0.0
)
\n


** Wed, 31 May 2023 01:46:40 +0000 | 103.61.128.230 | uni-norths.clubland.au/wp-admin/admin-ajax.php \nArray
(
    [interval] => 120
    [_nonce] => 38ac602b69
    [action] => heartbeat
    [screen_id] => toplevel_page_sportspress
    [has_focus] => false
)
\nArray
(
    [interval] => 120
    [_nonce] => 38ac602b69
    [action] => heartbeat
    [screen_id] => toplevel_page_sportspress
    [has_focus] => false
    [wordpress_sec_3259e78a70b1b474f7731386e78bbb44] => laurenmowen|1685702175|X90xY2aZzf7R4ZjrGodaxFsLPFkck7SsL5beZazE5mE|0af5f023a6ae9596b5abc08f3ca67f3365fd1c54330fe0d977708b490fe75f11
    [tk_ai] => woo:pvzSrmHsJ45V4R8N6N2Ve+NF
    [wordpress_test_cookie] => WP Cookie check
    [__ssid] => 0746678942a381e37de8812e0f82be6
    [__stripe_mid] => c42e0441-7c61-4d25-afba-eaf0a0323a2d57e803
    [wp_lang] => en_AU
    [_ga] => GA1.1.1615593603.1683950344
    [wordpress_logged_in_3259e78a70b1b474f7731386e78bbb44] => laurenmowen|1685702175|X90xY2aZzf7R4ZjrGodaxFsLPFkck7SsL5beZazE5mE|32536169c7e163772571bba6b4a9ed218b443c3331ed8db67f51c2cf05634f3a
    [wpe-auth] => c164a6b586d7dbfe35588ffe90755dafed2f44f89d19c2d11babfaadf75921d3
    [woocommerce_items_in_cart] => 1
    [woocommerce_cart_hash] => 0ef21de98ac5f06e602d97c0ecdb4ede
    [wp-postpass_3259e78a70b1b474f7731386e78bbb44] => $P$BPEwWXu5teSDJxK59zWd93Z/oKYFk7/
    [wp_woocommerce_session_3259e78a70b1b474f7731386e78bbb44] => 1||1685597883||1685594283||65f184c3f0d59260a64f16c2129286ea
    [wp-settings-1] => deleted=undefined&libraryContent=browse&edit_element_vcUIPanelWidth=747&edit_element_vcUIPanelLeft=491px&edit_element_vcUIPanelTop=124px&editor=tinymce&uploader=1&hidetb=1&editor_plain_text_paste_warning=1&align=right
    [wp-settings-time-1] => 1685492715
    [mp_a36067b00a263cce0299cfd960e26ecf_mixpanel] => {"distinct_id": "$device:1877abfd2f033f-02aea4790759c7-1d525634-13c680-1877abfd2f1b49","$device_id": "1877abfd2f033f-02aea4790759c7-1d525634-13c680-1877abfd2f1b49","$initial_referrer": "$direct","$initial_referring_domain": "$direct","$search_engine": "google"}
    [_ga_94LS2XKFDT] => GS1.1.1685496325.39.1.1685497570.0.0.0
)
\n


** Wed, 31 May 2023 01:48:41 +0000 | 103.61.128.230 | uni-norths.clubland.au/wp-admin/admin-ajax.php \nArray
(
    [interval] => 120
    [_nonce] => 38ac602b69
    [action] => heartbeat
    [screen_id] => toplevel_page_sportspress
    [has_focus] => false
)
\nArray
(
    [interval] => 120
    [_nonce] => 38ac602b69
    [action] => heartbeat
    [screen_id] => toplevel_page_sportspress
    [has_focus] => false
    [wordpress_sec_3259e78a70b1b474f7731386e78bbb44] => laurenmowen|1685702175|X90xY2aZzf7R4ZjrGodaxFsLPFkck7SsL5beZazE5mE|0af5f023a6ae9596b5abc08f3ca67f3365fd1c54330fe0d977708b490fe75f11
    [tk_ai] => woo:pvzSrmHsJ45V4R8N6N2Ve+NF
    [wordpress_test_cookie] => WP Cookie check
    [__ssid] => 0746678942a381e37de8812e0f82be6
    [__stripe_mid] => c42e0441-7c61-4d25-afba-eaf0a0323a2d57e803
    [wp_lang] => en_AU
    [_ga] => GA1.1.1615593603.1683950344
    [wordpress_logged_in_3259e78a70b1b474f7731386e78bbb44] => laurenmowen|1685702175|X90xY2aZzf7R4ZjrGodaxFsLPFkck7SsL5beZazE5mE|32536169c7e163772571bba6b4a9ed218b443c3331ed8db67f51c2cf05634f3a
    [wpe-auth] => c164a6b586d7dbfe35588ffe90755dafed2f44f89d19c2d11babfaadf75921d3
    [woocommerce_items_in_cart] => 1
    [woocommerce_cart_hash] => 0ef21de98ac5f06e602d97c0ecdb4ede
    [wp-postpass_3259e78a70b1b474f7731386e78bbb44] => $P$BPEwWXu5teSDJxK59zWd93Z/oKYFk7/
    [wp_woocommerce_session_3259e78a70b1b474f7731386e78bbb44] => 1||1685597883||1685594283||65f184c3f0d59260a64f16c2129286ea
    [wp-settings-1] => deleted=undefined&libraryContent=browse&edit_element_vcUIPanelWidth=747&edit_element_vcUIPanelLeft=491px&edit_element_vcUIPanelTop=124px&editor=tinymce&uploader=1&hidetb=1&editor_plain_text_paste_warning=1&align=right
    [wp-settings-time-1] => 1685492715
    [mp_a36067b00a263cce0299cfd960e26ecf_mixpanel] => {"distinct_id": "$device:1877abfd2f033f-02aea4790759c7-1d525634-13c680-1877abfd2f1b49","$device_id": "1877abfd2f033f-02aea4790759c7-1d525634-13c680-1877abfd2f1b49","$initial_referrer": "$direct","$initial_referring_domain": "$direct","$search_engine": "google"}
    [_ga_94LS2XKFDT] => GS1.1.1685496325.39.1.1685497570.0.0.0
)
\n


** Wed, 31 May 2023 01:51:49 +0000 | 103.61.128.230 | uni-norths.clubland.au/wp-admin/admin-ajax.php \nArray
(
    [interval] => 120
    [_nonce] => 38ac602b69
    [action] => heartbeat
    [screen_id] => toplevel_page_sportspress
    [has_focus] => true
)
\nArray
(
    [interval] => 120
    [_nonce] => 38ac602b69
    [action] => heartbeat
    [screen_id] => toplevel_page_sportspress
    [has_focus] => true
    [wordpress_sec_3259e78a70b1b474f7731386e78bbb44] => laurenmowen|1685702175|X90xY2aZzf7R4ZjrGodaxFsLPFkck7SsL5beZazE5mE|0af5f023a6ae9596b5abc08f3ca67f3365fd1c54330fe0d977708b490fe75f11
    [tk_ai] => woo:pvzSrmHsJ45V4R8N6N2Ve+NF
    [wordpress_test_cookie] => WP Cookie check
    [__ssid] => 0746678942a381e37de8812e0f82be6
    [__stripe_mid] => c42e0441-7c61-4d25-afba-eaf0a0323a2d57e803
    [wp_lang] => en_AU
    [_ga] => GA1.1.1615593603.1683950344
    [wordpress_logged_in_3259e78a70b1b474f7731386e78bbb44] => laurenmowen|1685702175|X90xY2aZzf7R4ZjrGodaxFsLPFkck7SsL5beZazE5mE|32536169c7e163772571bba6b4a9ed218b443c3331ed8db67f51c2cf05634f3a
    [wpe-auth] => c164a6b586d7dbfe35588ffe90755dafed2f44f89d19c2d11babfaadf75921d3
    [woocommerce_items_in_cart] => 1
    [woocommerce_cart_hash] => 0ef21de98ac5f06e602d97c0ecdb4ede
    [wp-postpass_3259e78a70b1b474f7731386e78bbb44] => $P$BPEwWXu5teSDJxK59zWd93Z/oKYFk7/
    [wp_woocommerce_session_3259e78a70b1b474f7731386e78bbb44] => 1||1685597883||1685594283||65f184c3f0d59260a64f16c2129286ea
    [wp-settings-1] => deleted=undefined&libraryContent=browse&edit_element_vcUIPanelWidth=747&edit_element_vcUIPanelLeft=491px&edit_element_vcUIPanelTop=124px&editor=tinymce&uploader=1&hidetb=1&editor_plain_text_paste_warning=1&align=right
    [wp-settings-time-1] => 1685492715
    [mp_a36067b00a263cce0299cfd960e26ecf_mixpanel] => {"distinct_id": "$device:1877abfd2f033f-02aea4790759c7-1d525634-13c680-1877abfd2f1b49","$device_id": "1877abfd2f033f-02aea4790759c7-1d525634-13c680-1877abfd2f1b49","$initial_referrer": "$direct","$initial_referring_domain": "$direct","$search_engine": "google"}
    [_ga_94LS2XKFDT] => GS1.1.1685496325.39.1.1685497570.0.0.0
)
\n


** Wed, 31 May 2023 01:54:51 +0000 | 103.61.128.230 | uni-norths.clubland.au/wp-admin/admin-ajax.php \nArray
(
    [interval] => 120
    [_nonce] => 38ac602b69
    [action] => heartbeat
    [screen_id] => toplevel_page_sportspress
    [has_focus] => false
)
\nArray
(
    [interval] => 120
    [_nonce] => 38ac602b69
    [action] => heartbeat
    [screen_id] => toplevel_page_sportspress
    [has_focus] => false
    [wordpress_sec_3259e78a70b1b474f7731386e78bbb44] => laurenmowen|1685702175|X90xY2aZzf7R4ZjrGodaxFsLPFkck7SsL5beZazE5mE|0af5f023a6ae9596b5abc08f3ca67f3365fd1c54330fe0d977708b490fe75f11
    [tk_ai] => woo:pvzSrmHsJ45V4R8N6N2Ve+NF
    [wordpress_test_cookie] => WP Cookie check
    [__ssid] => 0746678942a381e37de8812e0f82be6
    [__stripe_mid] => c42e0441-7c61-4d25-afba-eaf0a0323a2d57e803
    [wp_lang] => en_AU
    [_ga] => GA1.1.1615593603.1683950344
    [wordpress_logged_in_3259e78a70b1b474f7731386e78bbb44] => laurenmowen|1685702175|X90xY2aZzf7R4ZjrGodaxFsLPFkck7SsL5beZazE5mE|32536169c7e163772571bba6b4a9ed218b443c3331ed8db67f51c2cf05634f3a
    [wpe-auth] => c164a6b586d7dbfe35588ffe90755dafed2f44f89d19c2d11babfaadf75921d3
    [woocommerce_items_in_cart] => 1
    [woocommerce_cart_hash] => 0ef21de98ac5f06e602d97c0ecdb4ede
    [wp-postpass_3259e78a70b1b474f7731386e78bbb44] => $P$BPEwWXu5teSDJxK59zWd93Z/oKYFk7/
)
\n

